<?xml version="1.0" encoding="UTF-8"?>
<!-- Generated by org.testng.reporters.JUnitXMLReporter -->
<testsuite ignored="0" hostname="Roni-HP" failures="0" tests="7" name="Default test" time="0.197" errors="0" timestamp="2022-03-28T20:42:33 IST">
  <testcase classname="qaclickacademy.AppTest" name="shouldAnswerWithTrue" time="0.022"/>
  <testcase classname="qaclickacademy.AppiumTest" name="IOSApps" time="0.002"/>
  <testcase classname="qaclickacademy.AppiumTest" name="NativeAPpAndroid" time="0.002"/>
  <testcase classname="qaclickacademy.RESTAPITest" name="deleteTwitter" time="0.003"/>
  <testcase classname="qaclickacademy.RESTAPITest" name="postJira" time="0.003"/>
  <testcase classname="qaclickacademy.SeleniumTest" name="BrowserAUtomation" time="0.003"/>
  <testcase classname="qaclickacademy.SeleniumTest" name="elementsUi" time="0.008"/>
</testsuite> <!-- Default test -->
