<?xml version="1.0" encoding="UTF-8"?>
<!-- Generated by org.testng.reporters.JUnitXMLReporter -->
<testsuite ignored="0" hostname="Roni-HP" failures="0" tests="7" name="Test" time="0.346" errors="0" timestamp="2022-03-28T23:41:39 IST">
  <testcase classname="qaclickacademy.AppiumTest" name="IOSApps" time="0.025"/>
  <testcase classname="qaclickacademy.AppiumTest" name="NativeAPpAndroid" time="0.004"/>
  <testcase classname="qaclickacademy.SeleniumTest" name="BrowserAUtomation" time="0.003"/>
  <testcase classname="qaclickacademy.SeleniumTest" name="elementsUi" time="0.003"/>
  <testcase classname="qaclickacademy.RESTAPITest" name="deleteTwitter" time="0.003"/>
  <testcase classname="qaclickacademy.RESTAPITest" name="postJira" time="0.003"/>
  <testcase classname="qaclickacademy.AppTest" name="shouldAnswerWithTrue" time="0.009"/>
</testsuite> <!-- Test -->
