<?xml version="1.0" encoding="UTF-8"?>
<testng-results ignored="0" total="7" passed="7" failed="0" skipped="0">
  <reporter-output>
  </reporter-output>
  <suite started-at="2022-03-28T23:41:38 IST" name="Suite" finished-at="2022-03-28T23:41:39 IST" duration-ms="346">
    <groups>
    </groups>
    <test started-at="2022-03-28T23:41:38 IST" name="Test" finished-at="2022-03-28T23:41:39 IST" duration-ms="346">
      <class name="qaclickacademy.AppTest">
        <test-method signature="shouldAnswerWithTrue()[pri:0, instance:qaclickacademy.AppTest@55b7a4e0]" started-at="2022-03-28T23:41:39 IST" name="shouldAnswerWithTrue" finished-at="2022-03-28T23:41:39 IST" duration-ms="9" status="PASS">
          <reporter-output>
          </reporter-output>
        </test-method> <!-- shouldAnswerWithTrue -->
      </class> <!-- qaclickacademy.AppTest -->
      <class name="qaclickacademy.AppiumTest">
        <test-method signature="IOSApps()[pri:0, instance:qaclickacademy.AppiumTest@619713e5]" started-at="2022-03-28T23:41:39 IST" name="IOSApps" finished-at="2022-03-28T23:41:39 IST" duration-ms="25" status="PASS">
          <reporter-output>
          </reporter-output>
        </test-method> <!-- IOSApps -->
        <test-method signature="NativeAPpAndroid()[pri:0, instance:qaclickacademy.AppiumTest@619713e5]" started-at="2022-03-28T23:41:39 IST" name="NativeAPpAndroid" finished-at="2022-03-28T23:41:39 IST" duration-ms="4" status="PASS">
          <reporter-output>
          </reporter-output>
        </test-method> <!-- NativeAPpAndroid -->
      </class> <!-- qaclickacademy.AppiumTest -->
      <class name="qaclickacademy.RESTAPITest">
        <test-method signature="deleteTwitter()[pri:0, instance:qaclickacademy.RESTAPITest@6eda5c9]" started-at="2022-03-28T23:41:39 IST" name="deleteTwitter" finished-at="2022-03-28T23:41:39 IST" duration-ms="3" status="PASS">
          <reporter-output>
          </reporter-output>
        </test-method> <!-- deleteTwitter -->
        <test-method signature="postJira()[pri:0, instance:qaclickacademy.RESTAPITest@6eda5c9]" started-at="2022-03-28T23:41:39 IST" name="postJira" finished-at="2022-03-28T23:41:39 IST" duration-ms="3" status="PASS">
          <reporter-output>
          </reporter-output>
        </test-method> <!-- postJira -->
      </class> <!-- qaclickacademy.RESTAPITest -->
      <class name="qaclickacademy.SeleniumTest">
        <test-method signature="BrowserAUtomation()[pri:0, instance:qaclickacademy.SeleniumTest@56620197]" started-at="2022-03-28T23:41:39 IST" name="BrowserAUtomation" finished-at="2022-03-28T23:41:39 IST" duration-ms="3" status="PASS">
          <reporter-output>
          </reporter-output>
        </test-method> <!-- BrowserAUtomation -->
        <test-method signature="elementsUi()[pri:0, instance:qaclickacademy.SeleniumTest@56620197]" started-at="2022-03-28T23:41:39 IST" name="elementsUi" finished-at="2022-03-28T23:41:39 IST" duration-ms="3" status="PASS">
          <reporter-output>
          </reporter-output>
        </test-method> <!-- elementsUi -->
      </class> <!-- qaclickacademy.SeleniumTest -->
    </test> <!-- Test -->
  </suite> <!-- Suite -->
</testng-results>
